0 info it worked if it ends with ok
1 verbose cli [ 'D:\\anzhuang\\nodejs\\node.exe',
1 verbose cli   'D:\\anzhuang\\nodejs\\node_modules\\npm\\bin\\npm-cli.js',
1 verbose cli   'publish' ]
2 info using npm@3.10.10
3 info using node@v6.9.5
4 verbose publish [ '.' ]
5 silly cache add args [ '.', null ]
6 verbose cache add spec .
7 silly cache add parsed spec Result {
7 silly cache add   raw: '.',
7 silly cache add   scope: null,
7 silly cache add   escapedName: null,
7 silly cache add   name: null,
7 silly cache add   rawSpec: '.',
7 silly cache add   spec: 'D:\\anzhuang\\nodejs\\nodefirst\\censorify',
7 silly cache add   type: 'directory' }
8 verbose addLocalDirectory C:\Users\Administrator\AppData\Roaming\npm-cache\censorify\0.1.1\package.tgz not in flight; packing
9 verbose correctMkdir C:\Users\Administrator\AppData\Roaming\npm-cache correctMkdir not in flight; initializing
10 info lifecycle censorify@0.1.1~prepublish: censorify@0.1.1
11 silly lifecycle censorify@0.1.1~prepublish: no script for prepublish, continuing
12 verbose tar pack [ 'C:\\Users\\Administrator\\AppData\\Roaming\\npm-cache\\censorify\\0.1.1\\package.tgz',
12 verbose tar pack   'D:\\anzhuang\\nodejs\\nodefirst\\censorify' ]
13 verbose tarball C:\Users\Administrator\AppData\Roaming\npm-cache\censorify\0.1.1\package.tgz
14 verbose folder D:\anzhuang\nodejs\nodefirst\censorify
15 verbose addLocalTarball adding from inside cache C:\Users\Administrator\AppData\Roaming\npm-cache\censorify\0.1.1\package.tgz
16 verbose correctMkdir C:\Users\Administrator\AppData\Roaming\npm-cache correctMkdir not in flight; initializing
17 silly cache afterAdd censorify@0.1.1
18 verbose afterAdd C:\Users\Administrator\AppData\Roaming\npm-cache\censorify\0.1.1\package\package.json not in flight; writing
19 verbose correctMkdir C:\Users\Administrator\AppData\Roaming\npm-cache correctMkdir not in flight; initializing
20 verbose afterAdd C:\Users\Administrator\AppData\Roaming\npm-cache\censorify\0.1.1\package\package.json written
21 silly publish { author: { name: 'Lv YongFei' },
21 silly publish   name: 'censorify',
21 silly publish   version: '0.1.1',
21 silly publish   description: 'Censors words out of text',
21 silly publish   main: 'censortext',
21 silly publish   repository:
21 silly publish    { type: 'git',
21 silly publish      url: 'https://github.com/lyf1923811803/nodefirst/tree/master/censorify' },
21 silly publish   keywords: [ 'censor', 'words' ],
21 silly publish   dependencies: { jquery: '' },
21 silly publish   engines: { node: '*' },
21 silly publish   readme: '"你好！我是censor"',
21 silly publish   readmeFilename: 'README.md',
21 silly publish   _id: 'censorify@0.1.1',
21 silly publish   scripts: {},
21 silly publish   _shasum: '2b689395a4663f50e0c3ab976cd7a09a6594b909',
21 silly publish   _from: '.' }
22 verbose getPublishConfig undefined
23 silly mapToRegistry name censorify
24 silly mapToRegistry using default registry
25 silly mapToRegistry registry https://registry.npmjs.org/
26 silly mapToRegistry data Result {
26 silly mapToRegistry   raw: 'censorify',
26 silly mapToRegistry   scope: null,
26 silly mapToRegistry   escapedName: 'censorify',
26 silly mapToRegistry   name: 'censorify',
26 silly mapToRegistry   rawSpec: '',
26 silly mapToRegistry   spec: 'latest',
26 silly mapToRegistry   type: 'tag' }
27 silly mapToRegistry uri https://registry.npmjs.org/censorify
28 verbose publish registryBase https://registry.npmjs.org/
29 silly publish uploading C:\Users\Administrator\AppData\Roaming\npm-cache\censorify\0.1.1\package.tgz
30 verbose request uri https://registry.npmjs.org/censorify
31 verbose request sending authorization for write operation
32 info attempt registry request try #1 at 1:08:04 AM
33 verbose request using bearer token for auth
34 verbose request id 65b7b3843ec90f9f
35 http request PUT https://registry.npmjs.org/censorify
36 http 403 https://registry.npmjs.org/censorify
37 verbose headers { 'content-type': 'application/json',
37 verbose headers   'cache-control': 'max-age=300',
37 verbose headers   'content-length': '103',
37 verbose headers   'accept-ranges': 'bytes',
37 verbose headers   date: 'Fri, 19 May 2017 17:08:21 GMT',
37 verbose headers   via: '1.1 varnish',
37 verbose headers   connection: 'keep-alive',
37 verbose headers   'x-served-by': 'cache-itm7425-ITM',
37 verbose headers   'x-cache': 'MISS',
37 verbose headers   'x-cache-hits': '0',
37 verbose headers   'x-timer': 'S1495213701.342658,VS0,VE535',
37 verbose headers   vary: 'Accept-Encoding' }
38 verbose request invalidating C:\Users\Administrator\AppData\Roaming\npm-cache\registry.npmjs.org\censorify on PUT
39 error publish Failed PUT 403
40 verbose stack Error: you do not have permission to publish "censorify". Are you logged in as the correct user? : censorify
40 verbose stack     at makeError (D:\anzhuang\nodejs\node_modules\npm\node_modules\npm-registry-client\lib\request.js:302:12)
40 verbose stack     at CachingRegistryClient.<anonymous> (D:\anzhuang\nodejs\node_modules\npm\node_modules\npm-registry-client\lib\request.js:290:14)
40 verbose stack     at Request._callback (D:\anzhuang\nodejs\node_modules\npm\node_modules\npm-registry-client\lib\request.js:210:14)
40 verbose stack     at Request.self.callback (D:\anzhuang\nodejs\node_modules\npm\node_modules\request\request.js:187:22)
40 verbose stack     at emitTwo (events.js:106:13)
40 verbose stack     at Request.emit (events.js:191:7)
40 verbose stack     at Request.<anonymous> (D:\anzhuang\nodejs\node_modules\npm\node_modules\request\request.js:1048:10)
40 verbose stack     at emitOne (events.js:96:13)
40 verbose stack     at Request.emit (events.js:188:7)
40 verbose stack     at IncomingMessage.<anonymous> (D:\anzhuang\nodejs\node_modules\npm\node_modules\request\request.js:969:12)
41 verbose statusCode 403
42 verbose pkgid censorify
43 verbose cwd D:\anzhuang\nodejs\nodefirst\censorify
44 error Windows_NT 6.1.7601
45 error argv "D:\\anzhuang\\nodejs\\node.exe" "D:\\anzhuang\\nodejs\\node_modules\\npm\\bin\\npm-cli.js" "publish"
46 error node v6.9.5
47 error npm  v3.10.10
48 error code E403
49 error you do not have permission to publish "censorify". Are you logged in as the correct user? : censorify
50 error If you need help, you may report this error at:
50 error     <https://github.com/npm/npm/issues>
51 verbose exit [ 1, true ]
